[0910/001211.758:INFO:CONSOLE(1)] "Long rAF frame-time", source: file:///C:/Program%20Files/Adobe/Adobe%20Photoshop%202020/Required/www-rich-tooltips/build/external.js (1)
[0910/001211.879:ERROR:mf_helpers.cc(14)] Error in dxva_video_decode_accelerator_win.cc on line 1612
[0910/001211.879:ERROR:mf_helpers.cc(14)] Error in dxva_video_decode_accelerator_win.cc on line 842
[0910/001211.907:WARNING:angle_platform_impl.cc(52)] compileToBinary(230): 
C:\fakepath(69,8-58): warning X3571: pow(f, e) will not work for negative f, use abs(f) or conditionally handle negative values if you expect them
C:\fakepath(77,9-43): warning X3571: pow(f, e) will not work for negative f, use abs(f) or conditionally handle negative values if you expect them

[0910/071127.530:WARNING:dns_config_service_win.cc(668)] Failed to read DnsConfig.
[0910/071132.550:WARNING:dns_config_service_win.cc(668)] Failed to read DnsConfig.
[0910/071137.565:WARNING:dns_config_service_win.cc(668)] Failed to read DnsConfig.
[0910/071142.578:WARNING:dns_config_service_win.cc(668)] Failed to read DnsConfig.
[0910/071147.586:WARNING:dns_config_service_win.cc(668)] Failed to read DnsConfig.
[0910/071152.594:WARNING:dns_config_service_win.cc(668)] Failed to read DnsConfig.
[0910/071157.602:WARNING:dns_config_service_win.cc(668)] Failed to read DnsConfig.
[0910/071202.613:WARNING:dns_config_service_win.cc(668)] Failed to read DnsConfig.
[0910/071207.623:WARNING:dns_config_service_win.cc(668)] Failed to read DnsConfig.
[0910/071212.640:WARNING:dns_config_service_win.cc(668)] Failed to read DnsConfig.
[0910/071217.651:WARNING:dns_config_service_win.cc(668)] Failed to read DnsConfig.
[0910/071222.662:WARNING:dns_config_service_win.cc(668)] Failed to read DnsConfig.
[0910/071227.674:WARNING:dns_config_service_win.cc(668)] Failed to read DnsConfig.
[0910/071232.683:WARNING:dns_config_service_win.cc(668)] Failed to read DnsConfig.
[0910/071237.693:WARNING:dns_config_service_win.cc(668)] Failed to read DnsConfig.
[0910/071242.703:WARNING:dns_config_service_win.cc(668)] Failed to read DnsConfig.
[0910/071247.713:WARNING:dns_config_service_win.cc(668)] Failed to read DnsConfig.
[0910/071252.725:WARNING:dns_config_service_win.cc(668)] Failed to read DnsConfig.
[0910/071257.737:WARNING:dns_config_service_win.cc(668)] Failed to read DnsConfig.
[0910/071302.747:WARNING:dns_config_service_win.cc(668)] Failed to read DnsConfig.
[0910/071307.761:WARNING:dns_config_service_win.cc(668)] Failed to read DnsConfig.
[0910/071312.766:WARNING:dns_config_service_win.cc(668)] Failed to read DnsConfig.
[0910/071317.776:WARNING:dns_config_service_win.cc(668)] Failed to read DnsConfig.
[0910/071322.786:WARNING:dns_config_service_win.cc(668)] Failed to read DnsConfig.
[0910/071327.796:WARNING:dns_config_service_win.cc(668)] Failed to read DnsConfig.
[0910/071332.806:WARNING:dns_config_service_win.cc(668)] Failed to read DnsConfig.
[0910/071337.818:WARNING:dns_config_service_win.cc(668)] Failed to read DnsConfig.
[0910/071342.827:WARNING:dns_config_service_win.cc(668)] Failed to read DnsConfig.
[0910/071347.838:WARNING:dns_config_service_win.cc(668)] Failed to read DnsConfig.
[0910/071352.848:WARNING:dns_config_service_win.cc(668)] Failed to read DnsConfig.
[0910/071357.859:WARNING:dns_config_service_win.cc(668)] Failed to read DnsConfig.
[0910/071402.870:WARNING:dns_config_service_win.cc(668)] Failed to read DnsConfig.
[0910/071407.881:WARNING:dns_config_service_win.cc(668)] Failed to read DnsConfig.
[0910/071412.891:WARNING:dns_config_service_win.cc(668)] Failed to read DnsConfig.
[0910/071417.901:WARNING:dns_config_service_win.cc(668)] Failed to read DnsConfig.
[0910/071422.911:WARNING:dns_config_service_win.cc(668)] Failed to read DnsConfig.
[0910/071427.921:WARNING:dns_config_service_win.cc(668)] Failed to read DnsConfig.
[0910/071432.930:WARNING:dns_config_service_win.cc(668)] Failed to read DnsConfig.
[0910/071437.936:WARNING:dns_config_service_win.cc(668)] Failed to read DnsConfig.
[0910/071442.945:WARNING:dns_config_service_win.cc(668)] Failed to read DnsConfig.
[0910/071447.955:WARNING:dns_config_service_win.cc(668)] Failed to read DnsConfig.
[0910/071452.967:WARNING:dns_config_service_win.cc(668)] Failed to read DnsConfig.
[0910/071457.977:WARNING:dns_config_service_win.cc(668)] Failed to read DnsConfig.
[0910/071502.986:WARNING:dns_config_service_win.cc(668)] Failed to read DnsConfig.
[0910/071507.998:WARNING:dns_config_service_win.cc(668)] Failed to read DnsConfig.
[0910/071513.010:WARNING:dns_config_service_win.cc(668)] Failed to read DnsConfig.
[0910/071518.020:WARNING:dns_config_service_win.cc(668)] Failed to read DnsConfig.
[0910/071523.031:WARNING:dns_config_service_win.cc(668)] Failed to read DnsConfig.
[0910/071528.042:WARNING:dns_config_service_win.cc(668)] Failed to read DnsConfig.
[0910/071533.054:WARNING:dns_config_service_win.cc(668)] Failed to read DnsConfig.
[0910/071538.063:WARNING:dns_config_service_win.cc(668)] Failed to read DnsConfig.
[0910/071543.076:WARNING:dns_config_service_win.cc(668)] Failed to read DnsConfig.
[0910/071548.086:WARNING:dns_config_service_win.cc(668)] Failed to read DnsConfig.
[0910/071553.097:WARNING:dns_config_service_win.cc(668)] Failed to read DnsConfig.
[0910/071558.107:WARNING:dns_config_service_win.cc(668)] Failed to read DnsConfig.
[0910/071603.117:WARNING:dns_config_service_win.cc(668)] Failed to read DnsConfig.
[0910/071608.127:WARNING:dns_config_service_win.cc(668)] Failed to read DnsConfig.
[0910/071613.136:WARNING:dns_config_service_win.cc(668)] Failed to read DnsConfig.
[0910/071618.146:WARNING:dns_config_service_win.cc(668)] Failed to read DnsConfig.
[0910/071623.155:WARNING:dns_config_service_win.cc(668)] Failed to read DnsConfig.
[0910/071628.167:WARNING:dns_config_service_win.cc(668)] Failed to read DnsConfig.
[0910/071633.177:WARNING:dns_config_service_win.cc(668)] Failed to read DnsConfig.
[0910/071638.188:WARNING:dns_config_service_win.cc(668)] Failed to read DnsConfig.
[0910/071643.199:WARNING:dns_config_service_win.cc(668)] Failed to read DnsConfig.
[0910/071648.210:WARNING:dns_config_service_win.cc(668)] Failed to read DnsConfig.
[0910/071653.220:WARNING:dns_config_service_win.cc(668)] Failed to read DnsConfig.
[0910/071658.228:WARNING:dns_config_service_win.cc(668)] Failed to read DnsConfig.
[0910/071703.237:WARNING:dns_config_service_win.cc(668)] Failed to read DnsConfig.
[0910/071708.248:WARNING:dns_config_service_win.cc(668)] Failed to read DnsConfig.
[0910/071713.258:WARNING:dns_config_service_win.cc(668)] Failed to read DnsConfig.
[0910/071718.267:WARNING:dns_config_service_win.cc(668)] Failed to read DnsConfig.
[0910/071723.277:WARNING:dns_config_service_win.cc(668)] Failed to read DnsConfig.
[0910/071728.286:WARNING:dns_config_service_win.cc(668)] Failed to read DnsConfig.
[0910/071733.295:WARNING:dns_config_service_win.cc(668)] Failed to read DnsConfig.
[0910/071738.305:WARNING:dns_config_service_win.cc(668)] Failed to read DnsConfig.
[0910/071743.314:WARNING:dns_config_service_win.cc(668)] Failed to read DnsConfig.
[0910/071748.337:WARNING:dns_config_service_win.cc(668)] Failed to read DnsConfig.
[0910/071753.346:WARNING:dns_config_service_win.cc(668)] Failed to read DnsConfig.
[0910/071758.353:WARNING:dns_config_service_win.cc(668)] Failed to read DnsConfig.
[0910/071803.363:WARNING:dns_config_service_win.cc(668)] Failed to read DnsConfig.
[0910/071808.372:WARNING:dns_config_service_win.cc(668)] Failed to read DnsConfig.
[0910/071813.391:WARNING:dns_config_service_win.cc(668)] Failed to read DnsConfig.
[0910/071818.409:WARNING:dns_config_service_win.cc(668)] Failed to read DnsConfig.
[0910/071823.421:WARNING:dns_config_service_win.cc(668)] Failed to read DnsConfig.
[0910/071828.431:WARNING:dns_config_service_win.cc(668)] Failed to read DnsConfig.
[0910/071833.441:WARNING:dns_config_service_win.cc(668)] Failed to read DnsConfig.
[0910/071838.450:WARNING:dns_config_service_win.cc(668)] Failed to read DnsConfig.
[0910/071843.458:WARNING:dns_config_service_win.cc(668)] Failed to read DnsConfig.
[0910/071848.468:WARNING:dns_config_service_win.cc(668)] Failed to read DnsConfig.
[0910/071853.477:WARNING:dns_config_service_win.cc(668)] Failed to read DnsConfig.
[0910/071858.487:WARNING:dns_config_service_win.cc(668)] Failed to read DnsConfig.
[0910/071903.499:WARNING:dns_config_service_win.cc(668)] Failed to read DnsConfig.
[0910/071908.510:WARNING:dns_config_service_win.cc(668)] Failed to read DnsConfig.
[0910/071913.518:WARNING:dns_config_service_win.cc(668)] Failed to read DnsConfig.
[0910/071918.527:WARNING:dns_config_service_win.cc(668)] Failed to read DnsConfig.
[0910/071923.537:WARNING:dns_config_service_win.cc(668)] Failed to read DnsConfig.
[0910/071928.549:WARNING:dns_config_service_win.cc(668)] Failed to read DnsConfig.
[0910/071933.560:WARNING:dns_config_service_win.cc(668)] Failed to read DnsConfig.
[0910/071938.571:WARNING:dns_config_service_win.cc(668)] Failed to read DnsConfig.
[0910/071943.580:WARNING:dns_config_service_win.cc(668)] Failed to read DnsConfig.
[0910/071948.603:WARNING:dns_config_service_win.cc(668)] Failed to read DnsConfig.
[0910/071953.625:WARNING:dns_config_service_win.cc(668)] Failed to read DnsConfig.
[0910/071958.642:WARNING:dns_config_service_win.cc(668)] Failed to read DnsConfig.
[0910/072003.665:WARNING:dns_config_service_win.cc(668)] Failed to read DnsConfig.
[0910/072008.676:WARNING:dns_config_service_win.cc(668)] Failed to read DnsConfig.
[0910/072013.686:WARNING:dns_config_service_win.cc(668)] Failed to read DnsConfig.
[0910/072018.700:WARNING:dns_config_service_win.cc(668)] Failed to read DnsConfig.
[0910/072023.713:WARNING:dns_config_service_win.cc(668)] Failed to read DnsConfig.
[0910/072028.725:WARNING:dns_config_service_win.cc(668)] Failed to read DnsConfig.
[0910/072033.737:WARNING:dns_config_service_win.cc(668)] Failed to read DnsConfig.
[0910/072038.748:WARNING:dns_config_service_win.cc(668)] Failed to read DnsConfig.
[0910/072043.758:WARNING:dns_config_service_win.cc(668)] Failed to read DnsConfig.
[0910/072048.770:WARNING:dns_config_service_win.cc(668)] Failed to read DnsConfig.
[0910/072053.782:WARNING:dns_config_service_win.cc(668)] Failed to read DnsConfig.
[0910/072058.794:WARNING:dns_config_service_win.cc(668)] Failed to read DnsConfig.
[0910/072103.808:WARNING:dns_config_service_win.cc(668)] Failed to read DnsConfig.
[0910/072108.817:WARNING:dns_config_service_win.cc(668)] Failed to read DnsConfig.
[0910/072113.828:WARNING:dns_config_service_win.cc(668)] Failed to read DnsConfig.
[0910/072118.840:WARNING:dns_config_service_win.cc(668)] Failed to read DnsConfig.
[0910/072123.851:WARNING:dns_config_service_win.cc(668)] Failed to read DnsConfig.
[0910/072128.862:WARNING:dns_config_service_win.cc(668)] Failed to read DnsConfig.
[0910/072133.873:WARNING:dns_config_service_win.cc(668)] Failed to read DnsConfig.
[0910/072138.884:WARNING:dns_config_service_win.cc(668)] Failed to read DnsConfig.
[0910/072143.895:WARNING:dns_config_service_win.cc(668)] Failed to read DnsConfig.
[0910/072148.907:WARNING:dns_config_service_win.cc(668)] Failed to read DnsConfig.
[0910/072153.920:WARNING:dns_config_service_win.cc(668)] Failed to read DnsConfig.
[0910/072158.930:WARNING:dns_config_service_win.cc(668)] Failed to read DnsConfig.
[0910/072203.942:WARNING:dns_config_service_win.cc(668)] Failed to read DnsConfig.
[0910/072208.954:WARNING:dns_config_service_win.cc(668)] Failed to read DnsConfig.
[0910/072213.967:WARNING:dns_config_service_win.cc(668)] Failed to read DnsConfig.
[0910/072218.978:WARNING:dns_config_service_win.cc(668)] Failed to read DnsConfig.
[0910/072223.986:WARNING:dns_config_service_win.cc(668)] Failed to read DnsConfig.
[0910/072229.006:WARNING:dns_config_service_win.cc(668)] Failed to read DnsConfig.
[0910/072234.019:WARNING:dns_config_service_win.cc(668)] Failed to read DnsConfig.
[0910/072239.037:WARNING:dns_config_service_win.cc(668)] Failed to read DnsConfig.
[0910/072244.039:WARNING:dns_config_service_win.cc(668)] Failed to read DnsConfig.
[0910/072249.051:WARNING:dns_config_service_win.cc(668)] Failed to read DnsConfig.
[0910/072254.064:WARNING:dns_config_service_win.cc(668)] Failed to read DnsConfig.
[0910/072259.075:WARNING:dns_config_service_win.cc(668)] Failed to read DnsConfig.
[0910/072304.086:WARNING:dns_config_service_win.cc(668)] Failed to read DnsConfig.
[0910/072309.098:WARNING:dns_config_service_win.cc(668)] Failed to read DnsConfig.
[0910/072314.110:WARNING:dns_config_service_win.cc(668)] Failed to read DnsConfig.
[0910/072319.121:WARNING:dns_config_service_win.cc(668)] Failed to read DnsConfig.
[0910/072324.132:WARNING:dns_config_service_win.cc(668)] Failed to read DnsConfig.
[0910/072329.145:WARNING:dns_config_service_win.cc(668)] Failed to read DnsConfig.
[0910/072334.157:WARNING:dns_config_service_win.cc(668)] Failed to read DnsConfig.
[0910/072339.169:WARNING:dns_config_service_win.cc(668)] Failed to read DnsConfig.
[0910/072344.180:WARNING:dns_config_service_win.cc(668)] Failed to read DnsConfig.
[0910/072349.192:WARNING:dns_config_service_win.cc(668)] Failed to read DnsConfig.
[0910/072354.204:WARNING:dns_config_service_win.cc(668)] Failed to read DnsConfig.
[0910/072359.216:WARNING:dns_config_service_win.cc(668)] Failed to read DnsConfig.
[0910/072404.228:WARNING:dns_config_service_win.cc(668)] Failed to read DnsConfig.
[0910/072409.239:WARNING:dns_config_service_win.cc(668)] Failed to read DnsConfig.
[0910/072414.251:WARNING:dns_config_service_win.cc(668)] Failed to read DnsConfig.
[0910/072419.263:WARNING:dns_config_service_win.cc(668)] Failed to read DnsConfig.
[0910/072424.275:WARNING:dns_config_service_win.cc(668)] Failed to read DnsConfig.
[0910/072429.287:WARNING:dns_config_service_win.cc(668)] Failed to read DnsConfig.
[0910/072434.299:WARNING:dns_config_service_win.cc(668)] Failed to read DnsConfig.
[0910/072439.310:WARNING:dns_config_service_win.cc(668)] Failed to read DnsConfig.
[0910/072444.322:WARNING:dns_config_service_win.cc(668)] Failed to read DnsConfig.
[0910/072449.335:WARNING:dns_config_service_win.cc(668)] Failed to read DnsConfig.
[0910/072454.346:WARNING:dns_config_service_win.cc(668)] Failed to read DnsConfig.
[0910/072459.359:WARNING:dns_config_service_win.cc(668)] Failed to read DnsConfig.
[0910/072504.372:WARNING:dns_config_service_win.cc(668)] Failed to read DnsConfig.
[0910/072509.383:WARNING:dns_config_service_win.cc(668)] Failed to read DnsConfig.
[0910/072514.395:WARNING:dns_config_service_win.cc(668)] Failed to read DnsConfig.
[0910/072519.407:WARNING:dns_config_service_win.cc(668)] Failed to read DnsConfig.
[0910/072524.415:WARNING:dns_config_service_win.cc(668)] Failed to read DnsConfig.
[0910/072529.427:WARNING:dns_config_service_win.cc(668)] Failed to read DnsConfig.
[0910/072534.439:WARNING:dns_config_service_win.cc(668)] Failed to read DnsConfig.
[0910/072539.451:WARNING:dns_config_service_win.cc(668)] Failed to read DnsConfig.
[0910/072544.462:WARNING:dns_config_service_win.cc(668)] Failed to read DnsConfig.
[0910/072549.474:WARNING:dns_config_service_win.cc(668)] Failed to read DnsConfig.
[0910/072554.486:WARNING:dns_config_service_win.cc(668)] Failed to read DnsConfig.
[0910/072559.497:WARNING:dns_config_service_win.cc(668)] Failed to read DnsConfig.
[0910/072604.508:WARNING:dns_config_service_win.cc(668)] Failed to read DnsConfig.
[0910/072609.520:WARNING:dns_config_service_win.cc(668)] Failed to read DnsConfig.
[0910/072614.532:WARNING:dns_config_service_win.cc(668)] Failed to read DnsConfig.
[0910/072619.544:WARNING:dns_config_service_win.cc(668)] Failed to read DnsConfig.
[0910/072624.556:WARNING:dns_config_service_win.cc(668)] Failed to read DnsConfig.
[0910/072629.567:WARNING:dns_config_service_win.cc(668)] Failed to read DnsConfig.
[0910/072634.584:WARNING:dns_config_service_win.cc(668)] Failed to read DnsConfig.
[0910/072639.590:WARNING:dns_config_service_win.cc(668)] Failed to read DnsConfig.
[0910/072644.601:WARNING:dns_config_service_win.cc(668)] Failed to read DnsConfig.
[0910/072649.611:WARNING:dns_config_service_win.cc(668)] Failed to read DnsConfig.
[0910/072654.620:WARNING:dns_config_service_win.cc(668)] Failed to read DnsConfig.
[0910/072659.631:WARNING:dns_config_service_win.cc(668)] Failed to read DnsConfig.
[0910/072704.643:WARNING:dns_config_service_win.cc(668)] Failed to read DnsConfig.
[0910/072709.654:WARNING:dns_config_service_win.cc(668)] Failed to read DnsConfig.
[0910/072714.665:WARNING:dns_config_service_win.cc(668)] Failed to read DnsConfig.
[0910/072719.677:WARNING:dns_config_service_win.cc(668)] Failed to read DnsConfig.
[0910/072724.689:WARNING:dns_config_service_win.cc(668)] Failed to read DnsConfig.
[0910/072729.701:WARNING:dns_config_service_win.cc(668)] Failed to read DnsConfig.
[0910/072734.712:WARNING:dns_config_service_win.cc(668)] Failed to read DnsConfig.
[0910/072739.723:WARNING:dns_config_service_win.cc(668)] Failed to read DnsConfig.
[0910/072744.735:WARNING:dns_config_service_win.cc(668)] Failed to read DnsConfig.
[0910/072749.747:WARNING:dns_config_service_win.cc(668)] Failed to read DnsConfig.
[0910/072754.758:WARNING:dns_config_service_win.cc(668)] Failed to read DnsConfig.
[0910/072759.769:WARNING:dns_config_service_win.cc(668)] Failed to read DnsConfig.
[0910/072804.781:WARNING:dns_config_service_win.cc(668)] Failed to read DnsConfig.
[0910/072809.793:WARNING:dns_config_service_win.cc(668)] Failed to read DnsConfig.
[0910/072814.804:WARNING:dns_config_service_win.cc(668)] Failed to read DnsConfig.
[0910/072819.816:WARNING:dns_config_service_win.cc(668)] Failed to read DnsConfig.
[0910/072824.828:WARNING:dns_config_service_win.cc(668)] Failed to read DnsConfig.
[0910/072829.840:WARNING:dns_config_service_win.cc(668)] Failed to read DnsConfig.
[0910/072834.861:WARNING:dns_config_service_win.cc(668)] Failed to read DnsConfig.
[0910/072839.871:WARNING:dns_config_service_win.cc(668)] Failed to read DnsConfig.
[0910/072844.890:WARNING:dns_config_service_win.cc(668)] Failed to read DnsConfig.
[0910/072849.906:WARNING:dns_config_service_win.cc(668)] Failed to read DnsConfig.
[0910/072854.919:WARNING:dns_config_service_win.cc(668)] Failed to read DnsConfig.
[0910/072859.929:WARNING:dns_config_service_win.cc(668)] Failed to read DnsConfig.
[0910/072904.941:WARNING:dns_config_service_win.cc(668)] Failed to read DnsConfig.
[0910/072909.952:WARNING:dns_config_service_win.cc(668)] Failed to read DnsConfig.
[0910/072914.962:WARNING:dns_config_service_win.cc(668)] Failed to read DnsConfig.
[0910/072919.972:WARNING:dns_config_service_win.cc(668)] Failed to read DnsConfig.
[0910/072924.982:WARNING:dns_config_service_win.cc(668)] Failed to read DnsConfig.
[0910/072929.990:WARNING:dns_config_service_win.cc(668)] Failed to read DnsConfig.
[0910/072935.002:WARNING:dns_config_service_win.cc(668)] Failed to read DnsConfig.
[0910/072940.013:WARNING:dns_config_service_win.cc(668)] Failed to read DnsConfig.
[0910/072945.025:WARNING:dns_config_service_win.cc(668)] Failed to read DnsConfig.
[0910/072950.037:WARNING:dns_config_service_win.cc(668)] Failed to read DnsConfig.
[0910/072955.049:WARNING:dns_config_service_win.cc(668)] Failed to read DnsConfig.
[0910/073000.062:WARNING:dns_config_service_win.cc(668)] Failed to read DnsConfig.
[0910/073005.073:WARNING:dns_config_service_win.cc(668)] Failed to read DnsConfig.
[0910/073010.084:WARNING:dns_config_service_win.cc(668)] Failed to read DnsConfig.
[0910/073015.095:WARNING:dns_config_service_win.cc(668)] Failed to read DnsConfig.
[0910/073020.107:WARNING:dns_config_service_win.cc(668)] Failed to read DnsConfig.
[0910/073025.119:WARNING:dns_config_service_win.cc(668)] Failed to read DnsConfig.
[0910/073030.131:WARNING:dns_config_service_win.cc(668)] Failed to read DnsConfig.
[0910/073035.142:WARNING:dns_config_service_win.cc(668)] Failed to read DnsConfig.
[0910/073040.154:WARNING:dns_config_service_win.cc(668)] Failed to read DnsConfig.
[0910/073045.166:WARNING:dns_config_service_win.cc(668)] Failed to read DnsConfig.
[0910/073050.176:WARNING:dns_config_service_win.cc(668)] Failed to read DnsConfig.
[0910/073055.188:WARNING:dns_config_service_win.cc(668)] Failed to read DnsConfig.
[0910/073100.199:WARNING:dns_config_service_win.cc(668)] Failed to read DnsConfig.
[0910/073105.209:WARNING:dns_config_service_win.cc(668)] Failed to read DnsConfig.
[0910/073110.221:WARNING:dns_config_service_win.cc(668)] Failed to read DnsConfig.
[0910/073115.233:WARNING:dns_config_service_win.cc(668)] Failed to read DnsConfig.
[0910/073120.245:WARNING:dns_config_service_win.cc(668)] Failed to read DnsConfig.
[0910/073125.258:WARNING:dns_config_service_win.cc(668)] Failed to read DnsConfig.
[0910/073130.269:WARNING:dns_config_service_win.cc(668)] Failed to read DnsConfig.
[0910/073135.283:WARNING:dns_config_service_win.cc(668)] Failed to read DnsConfig.
[0910/073140.291:WARNING:dns_config_service_win.cc(668)] Failed to read DnsConfig.
[0910/073145.303:WARNING:dns_config_service_win.cc(668)] Failed to read DnsConfig.
[0910/073150.315:WARNING:dns_config_service_win.cc(668)] Failed to read DnsConfig.
[0910/073155.327:WARNING:dns_config_service_win.cc(668)] Failed to read DnsConfig.
[0910/073200.338:WARNING:dns_config_service_win.cc(668)] Failed to read DnsConfig.
[0910/073205.350:WARNING:dns_config_service_win.cc(668)] Failed to read DnsConfig.
[0910/073210.361:WARNING:dns_config_service_win.cc(668)] Failed to read DnsConfig.
[0910/073215.373:WARNING:dns_config_service_win.cc(668)] Failed to read DnsConfig.
[0910/073220.383:WARNING:dns_config_service_win.cc(668)] Failed to read DnsConfig.
[0910/073225.395:WARNING:dns_config_service_win.cc(668)] Failed to read DnsConfig.
[0910/073230.407:WARNING:dns_config_service_win.cc(668)] Failed to read DnsConfig.
[0910/073235.419:WARNING:dns_config_service_win.cc(668)] Failed to read DnsConfig.
[0910/073240.430:WARNING:dns_config_service_win.cc(668)] Failed to read DnsConfig.
[0910/073245.442:WARNING:dns_config_service_win.cc(668)] Failed to read DnsConfig.
[0910/073250.454:WARNING:dns_config_service_win.cc(668)] Failed to read DnsConfig.
[0910/073255.465:WARNING:dns_config_service_win.cc(668)] Failed to read DnsConfig.
[0910/073300.478:WARNING:dns_config_service_win.cc(668)] Failed to read DnsConfig.
[0910/073305.489:WARNING:dns_config_service_win.cc(668)] Failed to read DnsConfig.
[0910/073310.500:WARNING:dns_config_service_win.cc(668)] Failed to read DnsConfig.
[0910/073315.511:WARNING:dns_config_service_win.cc(668)] Failed to read DnsConfig.
[0910/073320.523:WARNING:dns_config_service_win.cc(668)] Failed to read DnsConfig.
[0910/073325.535:WARNING:dns_config_service_win.cc(668)] Failed to read DnsConfig.
[0910/073330.546:WARNING:dns_config_service_win.cc(668)] Failed to read DnsConfig.
[0910/073335.557:WARNING:dns_config_service_win.cc(668)] Failed to read DnsConfig.
[0910/073340.571:WARNING:dns_config_service_win.cc(668)] Failed to read DnsConfig.
[0910/073345.582:WARNING:dns_config_service_win.cc(668)] Failed to read DnsConfig.
[0910/073350.594:WARNING:dns_config_service_win.cc(668)] Failed to read DnsConfig.
[0910/073355.605:WARNING:dns_config_service_win.cc(668)] Failed to read DnsConfig.
[0910/073400.617:WARNING:dns_config_service_win.cc(668)] Failed to read DnsConfig.
[0910/073405.629:WARNING:dns_config_service_win.cc(668)] Failed to read DnsConfig.
[0910/073410.640:WARNING:dns_config_service_win.cc(668)] Failed to read DnsConfig.
[0910/073415.653:WARNING:dns_config_service_win.cc(668)] Failed to read DnsConfig.
[0910/073420.664:WARNING:dns_config_service_win.cc(668)] Failed to read DnsConfig.
[0910/073425.675:WARNING:dns_config_service_win.cc(668)] Failed to read DnsConfig.
[0910/073430.687:WARNING:dns_config_service_win.cc(668)] Failed to read DnsConfig.
[0910/073435.697:WARNING:dns_config_service_win.cc(668)] Failed to read DnsConfig.
[0910/073440.709:WARNING:dns_config_service_win.cc(668)] Failed to read DnsConfig.
[0910/073445.718:WARNING:dns_config_service_win.cc(668)] Failed to read DnsConfig.
[0910/073450.743:WARNING:dns_config_service_win.cc(668)] Failed to read DnsConfig.
[0910/073455.764:WARNING:dns_config_service_win.cc(668)] Failed to read DnsConfig.
[0910/073500.774:WARNING:dns_config_service_win.cc(668)] Failed to read DnsConfig.
[0910/073505.784:WARNING:dns_config_service_win.cc(668)] Failed to read DnsConfig.
[0910/073510.789:WARNING:dns_config_service_win.cc(668)] Failed to read DnsConfig.
[0910/073515.805:WARNING:dns_config_service_win.cc(668)] Failed to read DnsConfig.
[0910/073520.818:WARNING:dns_config_service_win.cc(668)] Failed to read DnsConfig.
[0910/073525.827:WARNING:dns_config_service_win.cc(668)] Failed to read DnsConfig.
[0910/073530.839:WARNING:dns_config_service_win.cc(668)] Failed to read DnsConfig.
[0910/073535.851:WARNING:dns_config_service_win.cc(668)] Failed to read DnsConfig.
[0910/073540.863:WARNING:dns_config_service_win.cc(668)] Failed to read DnsConfig.
[0910/073545.874:WARNING:dns_config_service_win.cc(668)] Failed to read DnsConfig.
[0910/073550.884:WARNING:dns_config_service_win.cc(668)] Failed to read DnsConfig.
[0910/073555.898:WARNING:dns_config_service_win.cc(668)] Failed to read DnsConfig.
[0910/073600.919:WARNING:dns_config_service_win.cc(668)] Failed to read DnsConfig.
[0910/073605.934:WARNING:dns_config_service_win.cc(668)] Failed to read DnsConfig.
[0910/073610.958:WARNING:dns_config_service_win.cc(668)] Failed to read DnsConfig.
[0910/073615.968:WARNING:dns_config_service_win.cc(668)] Failed to read DnsConfig.
[0910/073620.983:WARNING:dns_config_service_win.cc(668)] Failed to read DnsConfig.
[0910/073625.998:WARNING:dns_config_service_win.cc(668)] Failed to read DnsConfig.
[0910/073631.009:WARNING:dns_config_service_win.cc(668)] Failed to read DnsConfig.
[0910/073636.017:WARNING:dns_config_service_win.cc(668)] Failed to read DnsConfig.
[0910/073641.038:WARNING:dns_config_service_win.cc(668)] Failed to read DnsConfig.
[0910/073646.052:WARNING:dns_config_service_win.cc(668)] Failed to read DnsConfig.
[0910/073651.067:WARNING:dns_config_service_win.cc(668)] Failed to read DnsConfig.
[0910/073656.088:WARNING:dns_config_service_win.cc(668)] Failed to read DnsConfig.
[0910/073701.097:WARNING:dns_config_service_win.cc(668)] Failed to read DnsConfig.
[0910/073706.102:WARNING:dns_config_service_win.cc(668)] Failed to read DnsConfig.
[0910/073711.120:WARNING:dns_config_service_win.cc(668)] Failed to read DnsConfig.
[0910/073716.131:WARNING:dns_config_service_win.cc(668)] Failed to read DnsConfig.
[0910/073721.143:WARNING:dns_config_service_win.cc(668)] Failed to read DnsConfig.
[0910/073726.153:WARNING:dns_config_service_win.cc(668)] Failed to read DnsConfig.
[0910/073731.178:WARNING:dns_config_service_win.cc(668)] Failed to read DnsConfig.
[0910/073736.192:WARNING:dns_config_service_win.cc(668)] Failed to read DnsConfig.
[0910/073741.202:WARNING:dns_config_service_win.cc(668)] Failed to read DnsConfig.
[0910/073746.212:WARNING:dns_config_service_win.cc(668)] Failed to read DnsConfig.
[0910/073751.224:WARNING:dns_config_service_win.cc(668)] Failed to read DnsConfig.
[0910/073756.234:WARNING:dns_config_service_win.cc(668)] Failed to read DnsConfig.
[0910/073801.249:WARNING:dns_config_service_win.cc(668)] Failed to read DnsConfig.
[0910/073806.273:WARNING:dns_config_service_win.cc(668)] Failed to read DnsConfig.
[0910/073811.289:WARNING:dns_config_service_win.cc(668)] Failed to read DnsConfig.
[0910/073816.300:WARNING:dns_config_service_win.cc(668)] Failed to read DnsConfig.
[0910/073821.311:WARNING:dns_config_service_win.cc(668)] Failed to read DnsConfig.
[0910/073826.332:WARNING:dns_config_service_win.cc(668)] Failed to read DnsConfig.
[0910/073831.353:WARNING:dns_config_service_win.cc(668)] Failed to read DnsConfig.
[0910/073836.354:WARNING:dns_config_service_win.cc(668)] Failed to read DnsConfig.
[0910/073841.368:WARNING:dns_config_service_win.cc(668)] Failed to read DnsConfig.
[0910/073846.388:WARNING:dns_config_service_win.cc(668)] Failed to read DnsConfig.
[0910/073851.392:WARNING:dns_config_service_win.cc(668)] Failed to read DnsConfig.
[0910/073856.400:WARNING:dns_config_service_win.cc(668)] Failed to read DnsConfig.
[0910/073901.411:WARNING:dns_config_service_win.cc(668)] Failed to read DnsConfig.
[0910/073906.421:WARNING:dns_config_service_win.cc(668)] Failed to read DnsConfig.
[0910/073911.433:WARNING:dns_config_service_win.cc(668)] Failed to read DnsConfig.
[0910/073916.444:WARNING:dns_config_service_win.cc(668)] Failed to read DnsConfig.
[0910/073921.455:WARNING:dns_config_service_win.cc(668)] Failed to read DnsConfig.
[0910/073926.467:WARNING:dns_config_service_win.cc(668)] Failed to read DnsConfig.
[0910/073931.479:WARNING:dns_config_service_win.cc(668)] Failed to read DnsConfig.
[0910/073936.490:WARNING:dns_config_service_win.cc(668)] Failed to read DnsConfig.
[0910/073941.510:WARNING:dns_config_service_win.cc(668)] Failed to read DnsConfig.
[0910/073946.530:WARNING:dns_config_service_win.cc(668)] Failed to read DnsConfig.
[0910/073951.540:WARNING:dns_config_service_win.cc(668)] Failed to read DnsConfig.
[0910/073956.550:WARNING:dns_config_service_win.cc(668)] Failed to read DnsConfig.
[0910/074001.564:WARNING:dns_config_service_win.cc(668)] Failed to read DnsConfig.
[0910/074006.575:WARNING:dns_config_service_win.cc(668)] Failed to read DnsConfig.
[0910/074011.595:WARNING:dns_config_service_win.cc(668)] Failed to read DnsConfig.
[0910/074016.604:WARNING:dns_config_service_win.cc(668)] Failed to read DnsConfig.
[0910/074021.610:WARNING:dns_config_service_win.cc(668)] Failed to read DnsConfig.
[0910/074026.635:WARNING:dns_config_service_win.cc(668)] Failed to read DnsConfig.
[0910/074031.645:WARNING:dns_config_service_win.cc(668)] Failed to read DnsConfig.
[0910/074036.658:WARNING:dns_config_service_win.cc(668)] Failed to read DnsConfig.
[0910/074041.675:WARNING:dns_config_service_win.cc(668)] Failed to read DnsConfig.
[0910/074046.680:WARNING:dns_config_service_win.cc(668)] Failed to read DnsConfig.
[0910/074051.700:WARNING:dns_config_service_win.cc(668)] Failed to read DnsConfig.
[0910/074056.723:WARNING:dns_config_service_win.cc(668)] Failed to read DnsConfig.
[0910/074101.732:WARNING:dns_config_service_win.cc(668)] Failed to read DnsConfig.
[0910/074106.743:WARNING:dns_config_service_win.cc(668)] Failed to read DnsConfig.
[0910/074111.754:WARNING:dns_config_service_win.cc(668)] Failed to read DnsConfig.
[0910/074116.767:WARNING:dns_config_service_win.cc(668)] Failed to read DnsConfig.
[0910/074121.777:WARNING:dns_config_service_win.cc(668)] Failed to read DnsConfig.
[0910/074126.790:WARNING:dns_config_service_win.cc(668)] Failed to read DnsConfig.
[0910/074131.802:WARNING:dns_config_service_win.cc(668)] Failed to read DnsConfig.
[0910/074136.814:WARNING:dns_config_service_win.cc(668)] Failed to read DnsConfig.
[0910/074141.824:WARNING:dns_config_service_win.cc(668)] Failed to read DnsConfig.
[0910/074146.828:WARNING:dns_config_service_win.cc(668)] Failed to read DnsConfig.
[0910/074151.834:WARNING:dns_config_service_win.cc(668)] Failed to read DnsConfig.
[0910/074156.850:WARNING:dns_config_service_win.cc(668)] Failed to read DnsConfig.
[0910/074201.862:WARNING:dns_config_service_win.cc(668)] Failed to read DnsConfig.
[0910/074206.868:WARNING:dns_config_service_win.cc(668)] Failed to read DnsConfig.
[0910/074211.878:WARNING:dns_config_service_win.cc(668)] Failed to read DnsConfig.
[0910/074216.887:WARNING:dns_config_service_win.cc(668)] Failed to read DnsConfig.
[0910/074221.898:WARNING:dns_config_service_win.cc(668)] Failed to read DnsConfig.
[0910/074226.906:WARNING:dns_config_service_win.cc(668)] Failed to read DnsConfig.
[0910/074231.918:WARNING:dns_config_service_win.cc(668)] Failed to read DnsConfig.
[0910/074236.925:WARNING:dns_config_service_win.cc(668)] Failed to read DnsConfig.
[0910/074241.942:WARNING:dns_config_service_win.cc(668)] Failed to read DnsConfig.
[0910/074246.944:WARNING:dns_config_service_win.cc(668)] Failed to read DnsConfig.
[0910/074251.955:WARNING:dns_config_service_win.cc(668)] Failed to read DnsConfig.
[0910/074256.966:WARNING:dns_config_service_win.cc(668)] Failed to read DnsConfig.
[0910/074301.977:WARNING:dns_config_service_win.cc(668)] Failed to read DnsConfig.
[0910/074306.988:WARNING:dns_config_service_win.cc(668)] Failed to read DnsConfig.
[0910/074311.999:WARNING:dns_config_service_win.cc(668)] Failed to read DnsConfig.
[0910/074317.007:WARNING:dns_config_service_win.cc(668)] Failed to read DnsConfig.
[0910/074322.015:WARNING:dns_config_service_win.cc(668)] Failed to read DnsConfig.
[0910/074327.026:WARNING:dns_config_service_win.cc(668)] Failed to read DnsConfig.
[0910/074332.036:WARNING:dns_config_service_win.cc(668)] Failed to read DnsConfig.
[0910/074337.046:WARNING:dns_config_service_win.cc(668)] Failed to read DnsConfig.
[0910/074342.057:WARNING:dns_config_service_win.cc(668)] Failed to read DnsConfig.
[0910/074347.068:WARNING:dns_config_service_win.cc(668)] Failed to read DnsConfig.
[0910/074352.078:WARNING:dns_config_service_win.cc(668)] Failed to read DnsConfig.
[0910/074357.089:WARNING:dns_config_service_win.cc(668)] Failed to read DnsConfig.
[0910/074402.101:WARNING:dns_config_service_win.cc(668)] Failed to read DnsConfig.
[0910/074407.111:WARNING:dns_config_service_win.cc(668)] Failed to read DnsConfig.
[0910/074412.121:WARNING:dns_config_service_win.cc(668)] Failed to read DnsConfig.
[0910/074417.131:WARNING:dns_config_service_win.cc(668)] Failed to read DnsConfig.
[0910/074422.141:WARNING:dns_config_service_win.cc(668)] Failed to read DnsConfig.
[0910/074427.153:WARNING:dns_config_service_win.cc(668)] Failed to read DnsConfig.
[0910/074432.163:WARNING:dns_config_service_win.cc(668)] Failed to read DnsConfig.
[0910/074437.175:WARNING:dns_config_service_win.cc(668)] Failed to read DnsConfig.
[0910/074442.187:WARNING:dns_config_service_win.cc(668)] Failed to read DnsConfig.
[0910/074447.198:WARNING:dns_config_service_win.cc(668)] Failed to read DnsConfig.
[0910/074452.210:WARNING:dns_config_service_win.cc(668)] Failed to read DnsConfig.
[0910/074457.222:WARNING:dns_config_service_win.cc(668)] Failed to read DnsConfig.
[0910/074502.233:WARNING:dns_config_service_win.cc(668)] Failed to read DnsConfig.
[0910/074507.245:WARNING:dns_config_service_win.cc(668)] Failed to read DnsConfig.
[0910/074512.257:WARNING:dns_config_service_win.cc(668)] Failed to read DnsConfig.
[0910/074517.268:WARNING:dns_config_service_win.cc(668)] Failed to read DnsConfig.
[0910/074522.279:WARNING:dns_config_service_win.cc(668)] Failed to read DnsConfig.
[0910/074527.289:WARNING:dns_config_service_win.cc(668)] Failed to read DnsConfig.
[0910/074532.299:WARNING:dns_config_service_win.cc(668)] Failed to read DnsConfig.
[0910/074537.312:WARNING:dns_config_service_win.cc(668)] Failed to read DnsConfig.
[0910/074542.324:WARNING:dns_config_service_win.cc(668)] Failed to read DnsConfig.
[0910/074547.335:WARNING:dns_config_service_win.cc(668)] Failed to read DnsConfig.
[0910/074552.346:WARNING:dns_config_service_win.cc(668)] Failed to read DnsConfig.
[0910/074557.358:WARNING:dns_config_service_win.cc(668)] Failed to read DnsConfig.
[0910/074602.369:WARNING:dns_config_service_win.cc(668)] Failed to read DnsConfig.
[0910/074607.381:WARNING:dns_config_service_win.cc(668)] Failed to read DnsConfig.
[0910/074612.391:WARNING:dns_config_service_win.cc(668)] Failed to read DnsConfig.
[0910/074617.401:WARNING:dns_config_service_win.cc(668)] Failed to read DnsConfig.
[0910/074622.412:WARNING:dns_config_service_win.cc(668)] Failed to read DnsConfig.
[0910/074627.425:WARNING:dns_config_service_win.cc(668)] Failed to read DnsConfig.
[0910/074632.433:WARNING:dns_config_service_win.cc(668)] Failed to read DnsConfig.
[0910/074637.442:WARNING:dns_config_service_win.cc(668)] Failed to read DnsConfig.
[0910/074642.453:WARNING:dns_config_service_win.cc(668)] Failed to read DnsConfig.
[0910/074647.464:WARNING:dns_config_service_win.cc(668)] Failed to read DnsConfig.
[0910/074652.475:WARNING:dns_config_service_win.cc(668)] Failed to read DnsConfig.
[0910/074657.486:WARNING:dns_config_service_win.cc(668)] Failed to read DnsConfig.
[0910/074702.495:WARNING:dns_config_service_win.cc(668)] Failed to read DnsConfig.
[0910/074707.506:WARNING:dns_config_service_win.cc(668)] Failed to read DnsConfig.
[0910/074712.518:WARNING:dns_config_service_win.cc(668)] Failed to read DnsConfig.
[0910/074717.529:WARNING:dns_config_service_win.cc(668)] Failed to read DnsConfig.
[0910/074722.541:WARNING:dns_config_service_win.cc(668)] Failed to read DnsConfig.
[0910/074727.552:WARNING:dns_config_service_win.cc(668)] Failed to read DnsConfig.
[0910/074732.565:WARNING:dns_config_service_win.cc(668)] Failed to read DnsConfig.
[0910/074737.576:WARNING:dns_config_service_win.cc(668)] Failed to read DnsConfig.
[0910/074742.587:WARNING:dns_config_service_win.cc(668)] Failed to read DnsConfig.
[0910/074747.597:WARNING:dns_config_service_win.cc(668)] Failed to read DnsConfig.
[0910/074752.608:WARNING:dns_config_service_win.cc(668)] Failed to read DnsConfig.
[0910/074757.619:WARNING:dns_config_service_win.cc(668)] Failed to read DnsConfig.
[0910/074802.630:WARNING:dns_config_service_win.cc(668)] Failed to read DnsConfig.
[0910/074807.641:WARNING:dns_config_service_win.cc(668)] Failed to read DnsConfig.
[0910/074812.650:WARNING:dns_config_service_win.cc(668)] Failed to read DnsConfig.
[0910/074817.672:WARNING:dns_config_service_win.cc(668)] Failed to read DnsConfig.
[0910/074822.678:WARNING:dns_config_service_win.cc(668)] Failed to read DnsConfig.
[0910/074827.690:WARNING:dns_config_service_win.cc(668)] Failed to read DnsConfig.
[0910/074832.700:WARNING:dns_config_service_win.cc(668)] Failed to read DnsConfig.
[0910/074837.714:WARNING:dns_config_service_win.cc(668)] Failed to read DnsConfig.
[0910/074842.735:WARNING:dns_config_service_win.cc(668)] Failed to read DnsConfig.
[0910/074847.746:WARNING:dns_config_service_win.cc(668)] Failed to read DnsConfig.
[0910/074852.754:WARNING:dns_config_service_win.cc(668)] Failed to read DnsConfig.
[0910/074857.774:WARNING:dns_config_service_win.cc(668)] Failed to read DnsConfig.
[0910/074902.790:WARNING:dns_config_service_win.cc(668)] Failed to read DnsConfig.
[0910/074907.805:WARNING:dns_config_service_win.cc(668)] Failed to read DnsConfig.
[0910/074912.829:WARNING:dns_config_service_win.cc(668)] Failed to read DnsConfig.
[0910/074917.849:WARNING:dns_config_service_win.cc(668)] Failed to read DnsConfig.
[0910/074922.860:WARNING:dns_config_service_win.cc(668)] Failed to read DnsConfig.
[0910/074927.879:WARNING:dns_config_service_win.cc(668)] Failed to read DnsConfig.
[0910/074932.884:WARNING:dns_config_service_win.cc(668)] Failed to read DnsConfig.
[0910/074937.894:WARNING:dns_config_service_win.cc(668)] Failed to read DnsConfig.
[0910/074942.901:WARNING:dns_config_service_win.cc(668)] Failed to read DnsConfig.
[0910/074947.912:WARNING:dns_config_service_win.cc(668)] Failed to read DnsConfig.
[0910/074952.923:WARNING:dns_config_service_win.cc(668)] Failed to read DnsConfig.
[0910/074957.934:WARNING:dns_config_service_win.cc(668)] Failed to read DnsConfig.
[0910/075002.945:WARNING:dns_config_service_win.cc(668)] Failed to read DnsConfig.
[0910/075007.956:WARNING:dns_config_service_win.cc(668)] Failed to read DnsConfig.
[0910/075012.968:WARNING:dns_config_service_win.cc(668)] Failed to read DnsConfig.
[0910/075017.980:WARNING:dns_config_service_win.cc(668)] Failed to read DnsConfig.
[0910/075022.991:WARNING:dns_config_service_win.cc(668)] Failed to read DnsConfig.
[0910/075028.003:WARNING:dns_config_service_win.cc(668)] Failed to read DnsConfig.
[0910/075033.013:WARNING:dns_config_service_win.cc(668)] Failed to read DnsConfig.
[0910/075038.020:WARNING:dns_config_service_win.cc(668)] Failed to read DnsConfig.
[0910/075043.029:WARNING:dns_config_service_win.cc(668)] Failed to read DnsConfig.
[0910/075048.040:WARNING:dns_config_service_win.cc(668)] Failed to read DnsConfig.
[0910/075053.050:WARNING:dns_config_service_win.cc(668)] Failed to read DnsConfig.
[0910/075058.059:WARNING:dns_config_service_win.cc(668)] Failed to read DnsConfig.
[0910/075103.073:WARNING:dns_config_service_win.cc(668)] Failed to read DnsConfig.
[0910/075108.085:WARNING:dns_config_service_win.cc(668)] Failed to read DnsConfig.
[0910/075113.099:WARNING:dns_config_service_win.cc(668)] Failed to read DnsConfig.
[0910/075118.102:WARNING:dns_config_service_win.cc(668)] Failed to read DnsConfig.
[0910/075123.112:WARNING:dns_config_service_win.cc(668)] Failed to read DnsConfig.
[0910/075128.122:WARNING:dns_config_service_win.cc(668)] Failed to read DnsConfig.
[0910/075133.154:WARNING:dns_config_service_win.cc(668)] Failed to read DnsConfig.
[0910/075138.159:WARNING:dns_config_service_win.cc(668)] Failed to read DnsConfig.
[0910/075143.172:WARNING:dns_config_service_win.cc(668)] Failed to read DnsConfig.
[0910/075148.183:WARNING:dns_config_service_win.cc(668)] Failed to read DnsConfig.
[0910/075153.202:WARNING:dns_config_service_win.cc(668)] Failed to read DnsConfig.
[0910/075158.213:WARNING:dns_config_service_win.cc(668)] Failed to read DnsConfig.
[0910/075203.215:WARNING:dns_config_service_win.cc(668)] Failed to read DnsConfig.
[0910/075208.226:WARNING:dns_config_service_win.cc(668)] Failed to read DnsConfig.
[0910/075213.236:WARNING:dns_config_service_win.cc(668)] Failed to read DnsConfig.
[0910/075218.244:WARNING:dns_config_service_win.cc(668)] Failed to read DnsConfig.
[0910/075223.257:WARNING:dns_config_service_win.cc(668)] Failed to read DnsConfig.
[0910/075228.272:WARNING:dns_config_service_win.cc(668)] Failed to read DnsConfig.
[0910/075233.293:WARNING:dns_config_service_win.cc(668)] Failed to read DnsConfig.
[0910/075238.304:WARNING:dns_config_service_win.cc(668)] Failed to read DnsConfig.
[0910/075243.318:WARNING:dns_config_service_win.cc(668)] Failed to read DnsConfig.
[0910/075248.342:WARNING:dns_config_service_win.cc(668)] Failed to read DnsConfig.
[0910/075253.353:WARNING:dns_config_service_win.cc(668)] Failed to read DnsConfig.
[0910/075258.373:WARNING:dns_config_service_win.cc(668)] Failed to read DnsConfig.
[0910/075303.387:WARNING:dns_config_service_win.cc(668)] Failed to read DnsConfig.
[0910/075308.408:WARNING:dns_config_service_win.cc(668)] Failed to read DnsConfig.
[0910/075313.420:WARNING:dns_config_service_win.cc(668)] Failed to read DnsConfig.
[0910/075318.428:WARNING:dns_config_service_win.cc(668)] Failed to read DnsConfig.
[0910/075323.448:WARNING:dns_config_service_win.cc(668)] Failed to read DnsConfig.
[0910/075328.460:WARNING:dns_config_service_win.cc(668)] Failed to read DnsConfig.
[0910/075333.480:WARNING:dns_config_service_win.cc(668)] Failed to read DnsConfig.
[0910/075338.493:WARNING:dns_config_service_win.cc(668)] Failed to read DnsConfig.
[0910/075343.504:WARNING:dns_config_service_win.cc(668)] Failed to read DnsConfig.
[0910/075348.516:WARNING:dns_config_service_win.cc(668)] Failed to read DnsConfig.
[0910/075353.526:WARNING:dns_config_service_win.cc(668)] Failed to read DnsConfig.
[0910/075358.538:WARNING:dns_config_service_win.cc(668)] Failed to read DnsConfig.
[0910/075403.550:WARNING:dns_config_service_win.cc(668)] Failed to read DnsConfig.
[0910/075408.562:WARNING:dns_config_service_win.cc(668)] Failed to read DnsConfig.
[0910/075413.575:WARNING:dns_config_service_win.cc(668)] Failed to read DnsConfig.
[0910/075418.586:WARNING:dns_config_service_win.cc(668)] Failed to read DnsConfig.
[0910/075423.598:WARNING:dns_config_service_win.cc(668)] Failed to read DnsConfig.
[0910/075428.608:WARNING:dns_config_service_win.cc(668)] Failed to read DnsConfig.
[0910/075433.620:WARNING:dns_config_service_win.cc(668)] Failed to read DnsConfig.
[0910/075438.631:WARNING:dns_config_service_win.cc(668)] Failed to read DnsConfig.
[0910/075443.644:WARNING:dns_config_service_win.cc(668)] Failed to read DnsConfig.
[0910/075448.654:WARNING:dns_config_service_win.cc(668)] Failed to read DnsConfig.
[0910/075453.665:WARNING:dns_config_service_win.cc(668)] Failed to read DnsConfig.
[0910/075458.677:WARNING:dns_config_service_win.cc(668)] Failed to read DnsConfig.
[0910/075503.688:WARNING:dns_config_service_win.cc(668)] Failed to read DnsConfig.
[0910/075508.700:WARNING:dns_config_service_win.cc(668)] Failed to read DnsConfig.
[0910/075513.712:WARNING:dns_config_service_win.cc(668)] Failed to read DnsConfig.
[0910/075518.724:WARNING:dns_config_service_win.cc(668)] Failed to read DnsConfig.
[0910/075523.735:WARNING:dns_config_service_win.cc(668)] Failed to read DnsConfig.
[0910/075528.747:WARNING:dns_config_service_win.cc(668)] Failed to read DnsConfig.
[0910/075533.758:WARNING:dns_config_service_win.cc(668)] Failed to read DnsConfig.
[0910/075538.771:WARNING:dns_config_service_win.cc(668)] Failed to read DnsConfig.
[0910/075543.781:WARNING:dns_config_service_win.cc(668)] Failed to read DnsConfig.
[0910/075548.794:WARNING:dns_config_service_win.cc(668)] Failed to read DnsConfig.
[0910/075553.805:WARNING:dns_config_service_win.cc(668)] Failed to read DnsConfig.
[0910/075558.818:WARNING:dns_config_service_win.cc(668)] Failed to read DnsConfig.
[0910/075603.829:WARNING:dns_config_service_win.cc(668)] Failed to read DnsConfig.
[0910/075608.842:WARNING:dns_config_service_win.cc(668)] Failed to read DnsConfig.
[0910/075613.852:WARNING:dns_config_service_win.cc(668)] Failed to read DnsConfig.
[0910/075618.864:WARNING:dns_config_service_win.cc(668)] Failed to read DnsConfig.
[0910/075623.876:WARNING:dns_config_service_win.cc(668)] Failed to read DnsConfig.
[0910/075628.887:WARNING:dns_config_service_win.cc(668)] Failed to read DnsConfig.
[0910/075633.898:WARNING:dns_config_service_win.cc(668)] Failed to read DnsConfig.
[0910/075638.910:WARNING:dns_config_service_win.cc(668)] Failed to read DnsConfig.
[0910/075643.922:WARNING:dns_config_service_win.cc(668)] Failed to read DnsConfig.
[0910/075648.933:WARNING:dns_config_service_win.cc(668)] Failed to read DnsConfig.
[0910/075653.944:WARNING:dns_config_service_win.cc(668)] Failed to read DnsConfig.
[0910/075658.955:WARNING:dns_config_service_win.cc(668)] Failed to read DnsConfig.
[0910/075703.966:WARNING:dns_config_service_win.cc(668)] Failed to read DnsConfig.
[0910/075708.977:WARNING:dns_config_service_win.cc(668)] Failed to read DnsConfig.
[0910/075713.990:WARNING:dns_config_service_win.cc(668)] Failed to read DnsConfig.
[0910/075719.001:WARNING:dns_config_service_win.cc(668)] Failed to read DnsConfig.
[0910/075724.013:WARNING:dns_config_service_win.cc(668)] Failed to read DnsConfig.
[0910/075729.025:WARNING:dns_config_service_win.cc(668)] Failed to read DnsConfig.
[0910/075734.036:WARNING:dns_config_service_win.cc(668)] Failed to read DnsConfig.
[0910/075739.049:WARNING:dns_config_service_win.cc(668)] Failed to read DnsConfig.
[0910/075744.060:WARNING:dns_config_service_win.cc(668)] Failed to read DnsConfig.
[0910/075749.072:WARNING:dns_config_service_win.cc(668)] Failed to read DnsConfig.
[0910/075754.084:WARNING:dns_config_service_win.cc(668)] Failed to read DnsConfig.
[0910/075759.097:WARNING:dns_config_service_win.cc(668)] Failed to read DnsConfig.
[0910/075804.107:WARNING:dns_config_service_win.cc(668)] Failed to read DnsConfig.
[0910/075809.118:WARNING:dns_config_service_win.cc(668)] Failed to read DnsConfig.
[0910/075814.129:WARNING:dns_config_service_win.cc(668)] Failed to read DnsConfig.
[0910/075819.141:WARNING:dns_config_service_win.cc(668)] Failed to read DnsConfig.
[0910/075824.153:WARNING:dns_config_service_win.cc(668)] Failed to read DnsConfig.
[0910/075829.165:WARNING:dns_config_service_win.cc(668)] Failed to read DnsConfig.
[0910/075834.181:WARNING:dns_config_service_win.cc(668)] Failed to read DnsConfig.
[0910/075839.188:WARNING:dns_config_service_win.cc(668)] Failed to read DnsConfig.
[0910/075844.200:WARNING:dns_config_service_win.cc(668)] Failed to read DnsConfig.
[0910/075849.211:WARNING:dns_config_service_win.cc(668)] Failed to read DnsConfig.
[0910/075854.223:WARNING:dns_config_service_win.cc(668)] Failed to read DnsConfig.
[0910/075859.235:WARNING:dns_config_service_win.cc(668)] Failed to read DnsConfig.
[0910/075904.247:WARNING:dns_config_service_win.cc(668)] Failed to read DnsConfig.
[0910/075909.258:WARNING:dns_config_service_win.cc(668)] Failed to read DnsConfig.
[0910/075914.270:WARNING:dns_config_service_win.cc(668)] Failed to read DnsConfig.
[0910/075919.282:WARNING:dns_config_service_win.cc(668)] Failed to read DnsConfig.
[0910/075924.294:WARNING:dns_config_service_win.cc(668)] Failed to read DnsConfig.
[0910/075929.305:WARNING:dns_config_service_win.cc(668)] Failed to read DnsConfig.
[0910/075934.317:WARNING:dns_config_service_win.cc(668)] Failed to read DnsConfig.
[0910/075939.328:WARNING:dns_config_service_win.cc(668)] Failed to read DnsConfig.
[0910/075944.339:WARNING:dns_config_service_win.cc(668)] Failed to read DnsConfig.
[0910/075949.350:WARNING:dns_config_service_win.cc(668)] Failed to read DnsConfig.
[0910/075954.362:WARNING:dns_config_service_win.cc(668)] Failed to read DnsConfig.
[0910/075959.374:WARNING:dns_config_service_win.cc(668)] Failed to read DnsConfig.
[0910/080004.387:WARNING:dns_config_service_win.cc(668)] Failed to read DnsConfig.
[0910/080009.398:WARNING:dns_config_service_win.cc(668)] Failed to read DnsConfig.
[0910/080014.410:WARNING:dns_config_service_win.cc(668)] Failed to read DnsConfig.
[0910/080019.421:WARNING:dns_config_service_win.cc(668)] Failed to read DnsConfig.
[0910/080024.434:WARNING:dns_config_service_win.cc(668)] Failed to read DnsConfig.
[0910/080029.443:WARNING:dns_config_service_win.cc(668)] Failed to read DnsConfig.
[0910/080034.454:WARNING:dns_config_service_win.cc(668)] Failed to read DnsConfig.
[0910/080039.466:WARNING:dns_config_service_win.cc(668)] Failed to read DnsConfig.
[0910/080044.478:WARNING:dns_config_service_win.cc(668)] Failed to read DnsConfig.
[0910/080049.489:WARNING:dns_config_service_win.cc(668)] Failed to read DnsConfig.
[0910/080054.501:WARNING:dns_config_service_win.cc(668)] Failed to read DnsConfig.
[0910/080059.513:WARNING:dns_config_service_win.cc(668)] Failed to read DnsConfig.
[0910/080104.525:WARNING:dns_config_service_win.cc(668)] Failed to read DnsConfig.
[0910/080109.537:WARNING:dns_config_service_win.cc(668)] Failed to read DnsConfig.
[0910/080114.549:WARNING:dns_config_service_win.cc(668)] Failed to read DnsConfig.
[0910/080119.560:WARNING:dns_config_service_win.cc(668)] Failed to read DnsConfig.
[0910/080124.572:WARNING:dns_config_service_win.cc(668)] Failed to read DnsConfig.
[0910/080129.583:WARNING:dns_config_service_win.cc(668)] Failed to read DnsConfig.
[0910/080134.595:WARNING:dns_config_service_win.cc(668)] Failed to read DnsConfig.
[0910/080139.607:WARNING:dns_config_service_win.cc(668)] Failed to read DnsConfig.
[0910/080144.618:WARNING:dns_config_service_win.cc(668)] Failed to read DnsConfig.
[0910/080149.630:WARNING:dns_config_service_win.cc(668)] Failed to read DnsConfig.
[0910/080154.642:WARNING:dns_config_service_win.cc(668)] Failed to read DnsConfig.
[0910/080159.652:WARNING:dns_config_service_win.cc(668)] Failed to read DnsConfig.
[0910/080204.664:WARNING:dns_config_service_win.cc(668)] Failed to read DnsConfig.
[0910/080209.676:WARNING:dns_config_service_win.cc(668)] Failed to read DnsConfig.
[0910/080214.687:WARNING:dns_config_service_win.cc(668)] Failed to read DnsConfig.
[0910/080219.698:WARNING:dns_config_service_win.cc(668)] Failed to read DnsConfig.
[0910/080224.709:WARNING:dns_config_service_win.cc(668)] Failed to read DnsConfig.
[0910/080229.720:WARNING:dns_config_service_win.cc(668)] Failed to read DnsConfig.
[0910/080234.732:WARNING:dns_config_service_win.cc(668)] Failed to read DnsConfig.
[0910/080239.743:WARNING:dns_config_service_win.cc(668)] Failed to read DnsConfig.
[0910/080244.755:WARNING:dns_config_service_win.cc(668)] Failed to read DnsConfig.
[0910/080249.766:WARNING:dns_config_service_win.cc(668)] Failed to read DnsConfig.
[0910/080254.778:WARNING:dns_config_service_win.cc(668)] Failed to read DnsConfig.
[0910/080259.789:WARNING:dns_config_service_win.cc(668)] Failed to read DnsConfig.
[0910/080304.801:WARNING:dns_config_service_win.cc(668)] Failed to read DnsConfig.
[0910/080309.815:WARNING:dns_config_service_win.cc(668)] Failed to read DnsConfig.
[0910/080314.823:WARNING:dns_config_service_win.cc(668)] Failed to read DnsConfig.
[0910/080319.835:WARNING:dns_config_service_win.cc(668)] Failed to read DnsConfig.
[0910/080324.848:WARNING:dns_config_service_win.cc(668)] Failed to read DnsConfig.
[0910/080329.859:WARNING:dns_config_service_win.cc(668)] Failed to read DnsConfig.
[0910/080334.871:WARNING:dns_config_service_win.cc(668)] Failed to read DnsConfig.
[0910/080339.883:WARNING:dns_config_service_win.cc(668)] Failed to read DnsConfig.
[0910/080344.894:WARNING:dns_config_service_win.cc(668)] Failed to read DnsConfig.
[0910/080349.906:WARNING:dns_config_service_win.cc(668)] Failed to read DnsConfig.
[0910/080354.917:WARNING:dns_config_service_win.cc(668)] Failed to read DnsConfig.
[0910/080359.929:WARNING:dns_config_service_win.cc(668)] Failed to read DnsConfig.
[0910/080404.940:WARNING:dns_config_service_win.cc(668)] Failed to read DnsConfig.
[0910/080409.952:WARNING:dns_config_service_win.cc(668)] Failed to read DnsConfig.
[0910/080414.963:WARNING:dns_config_service_win.cc(668)] Failed to read DnsConfig.
[0910/080419.976:WARNING:dns_config_service_win.cc(668)] Failed to read DnsConfig.
[0910/080424.987:WARNING:dns_config_service_win.cc(668)] Failed to read DnsConfig.
[0910/080429.999:WARNING:dns_config_service_win.cc(668)] Failed to read DnsConfig.
[0910/080435.011:WARNING:dns_config_service_win.cc(668)] Failed to read DnsConfig.
[0910/080440.022:WARNING:dns_config_service_win.cc(668)] Failed to read DnsConfig.
[0910/080445.033:WARNING:dns_config_service_win.cc(668)] Failed to read DnsConfig.
[0910/080450.044:WARNING:dns_config_service_win.cc(668)] Failed to read DnsConfig.
[0910/080455.056:WARNING:dns_config_service_win.cc(668)] Failed to read DnsConfig.
[0910/080500.067:WARNING:dns_config_service_win.cc(668)] Failed to read DnsConfig.
[0910/080505.079:WARNING:dns_config_service_win.cc(668)] Failed to read DnsConfig.
[0910/080510.091:WARNING:dns_config_service_win.cc(668)] Failed to read DnsConfig.
[0910/080515.102:WARNING:dns_config_service_win.cc(668)] Failed to read DnsConfig.
[0910/080520.115:WARNING:dns_config_service_win.cc(668)] Failed to read DnsConfig.
[0910/080525.126:WARNING:dns_config_service_win.cc(668)] Failed to read DnsConfig.
[0910/080530.138:WARNING:dns_config_service_win.cc(668)] Failed to read DnsConfig.
[0910/080535.150:WARNING:dns_config_service_win.cc(668)] Failed to read DnsConfig.
[0910/080540.162:WARNING:dns_config_service_win.cc(668)] Failed to read DnsConfig.
[0910/080545.173:WARNING:dns_config_service_win.cc(668)] Failed to read DnsConfig.
[0910/080550.185:WARNING:dns_config_service_win.cc(668)] Failed to read DnsConfig.
[0910/080555.197:WARNING:dns_config_service_win.cc(668)] Failed to read DnsConfig.
[0910/080600.208:WARNING:dns_config_service_win.cc(668)] Failed to read DnsConfig.
[0910/080605.220:WARNING:dns_config_service_win.cc(668)] Failed to read DnsConfig.
[0910/080610.230:WARNING:dns_config_service_win.cc(668)] Failed to read DnsConfig.
[0910/080615.241:WARNING:dns_config_service_win.cc(668)] Failed to read DnsConfig.
[0910/080620.253:WARNING:dns_config_service_win.cc(668)] Failed to read DnsConfig.
[0910/080625.263:WARNING:dns_config_service_win.cc(668)] Failed to read DnsConfig.
[0910/080630.276:WARNING:dns_config_service_win.cc(668)] Failed to read DnsConfig.
[0910/080635.288:WARNING:dns_config_service_win.cc(668)] Failed to read DnsConfig.
[0910/080640.300:WARNING:dns_config_service_win.cc(668)] Failed to read DnsConfig.
[0910/080645.313:WARNING:dns_config_service_win.cc(668)] Failed to read DnsConfig.
[0910/080650.324:WARNING:dns_config_service_win.cc(668)] Failed to read DnsConfig.
[0910/080655.336:WARNING:dns_config_service_win.cc(668)] Failed to read DnsConfig.
[0910/080700.347:WARNING:dns_config_service_win.cc(668)] Failed to read DnsConfig.
[0910/080705.359:WARNING:dns_config_service_win.cc(668)] Failed to read DnsConfig.
[0910/080710.369:WARNING:dns_config_service_win.cc(668)] Failed to read DnsConfig.
[0910/080715.381:WARNING:dns_config_service_win.cc(668)] Failed to read DnsConfig.
[0910/080720.393:WARNING:dns_config_service_win.cc(668)] Failed to read DnsConfig.
[0910/080725.405:WARNING:dns_config_service_win.cc(668)] Failed to read DnsConfig.
[0910/080730.417:WARNING:dns_config_service_win.cc(668)] Failed to read DnsConfig.
[0910/080735.428:WARNING:dns_config_service_win.cc(668)] Failed to read DnsConfig.
[0910/080740.439:WARNING:dns_config_service_win.cc(668)] Failed to read DnsConfig.
[0910/080745.455:WARNING:dns_config_service_win.cc(668)] Failed to read DnsConfig.
[0910/080750.461:WARNING:dns_config_service_win.cc(668)] Failed to read DnsConfig.
[0910/080755.473:WARNING:dns_config_service_win.cc(668)] Failed to read DnsConfig.
[0910/080800.484:WARNING:dns_config_service_win.cc(668)] Failed to read DnsConfig.
[0910/080805.496:WARNING:dns_config_service_win.cc(668)] Failed to read DnsConfig.
[0910/080810.508:WARNING:dns_config_service_win.cc(668)] Failed to read DnsConfig.
[0910/080815.519:WARNING:dns_config_service_win.cc(668)] Failed to read DnsConfig.
[0910/080820.532:WARNING:dns_config_service_win.cc(668)] Failed to read DnsConfig.
[0910/080825.544:WARNING:dns_config_service_win.cc(668)] Failed to read DnsConfig.
[0910/080830.557:WARNING:dns_config_service_win.cc(668)] Failed to read DnsConfig.
[0910/080835.568:WARNING:dns_config_service_win.cc(668)] Failed to read DnsConfig.
[0910/080840.580:WARNING:dns_config_service_win.cc(668)] Failed to read DnsConfig.
[0910/080845.591:WARNING:dns_config_service_win.cc(668)] Failed to read DnsConfig.
[0910/080850.604:WARNING:dns_config_service_win.cc(668)] Failed to read DnsConfig.
[0910/080855.615:WARNING:dns_config_service_win.cc(668)] Failed to read DnsConfig.
[0910/080900.627:WARNING:dns_config_service_win.cc(668)] Failed to read DnsConfig.
[0910/080905.639:WARNING:dns_config_service_win.cc(668)] Failed to read DnsConfig.
[0910/080910.650:WARNING:dns_config_service_win.cc(668)] Failed to read DnsConfig.
[0910/080915.662:WARNING:dns_config_service_win.cc(668)] Failed to read DnsConfig.
[0910/080920.674:WARNING:dns_config_service_win.cc(668)] Failed to read DnsConfig.
[0910/080925.685:WARNING:dns_config_service_win.cc(668)] Failed to read DnsConfig.
[0910/080930.696:WARNING:dns_config_service_win.cc(668)] Failed to read DnsConfig.
[0910/080935.707:WARNING:dns_config_service_win.cc(668)] Failed to read DnsConfig.
[0910/080940.718:WARNING:dns_config_service_win.cc(668)] Failed to read DnsConfig.
[0910/080945.729:WARNING:dns_config_service_win.cc(668)] Failed to read DnsConfig.
[0910/080950.741:WARNING:dns_config_service_win.cc(668)] Failed to read DnsConfig.
[0910/080955.754:WARNING:dns_config_service_win.cc(668)] Failed to read DnsConfig.
[0910/081000.765:WARNING:dns_config_service_win.cc(668)] Failed to read DnsConfig.
[0910/081005.776:WARNING:dns_config_service_win.cc(668)] Failed to read DnsConfig.
[0910/081010.788:WARNING:dns_config_service_win.cc(668)] Failed to read DnsConfig.
[0910/081015.801:WARNING:dns_config_service_win.cc(668)] Failed to read DnsConfig.
[0910/081020.813:WARNING:dns_config_service_win.cc(668)] Failed to read DnsConfig.
[0910/081025.824:WARNING:dns_config_service_win.cc(668)] Failed to read DnsConfig.
[0910/081030.836:WARNING:dns_config_service_win.cc(668)] Failed to read DnsConfig.
[0910/081035.847:WARNING:dns_config_service_win.cc(668)] Failed to read DnsConfig.
[0910/081040.859:WARNING:dns_config_service_win.cc(668)] Failed to read DnsConfig.
[0910/081045.871:WARNING:dns_config_service_win.cc(668)] Failed to read DnsConfig.
[0910/081050.882:WARNING:dns_config_service_win.cc(668)] Failed to read DnsConfig.
[0910/081055.892:WARNING:dns_config_service_win.cc(668)] Failed to read DnsConfig.
[0910/081100.904:WARNING:dns_config_service_win.cc(668)] Failed to read DnsConfig.
[0910/081105.915:WARNING:dns_config_service_win.cc(668)] Failed to read DnsConfig.
[0910/081110.926:WARNING:dns_config_service_win.cc(668)] Failed to read DnsConfig.
[0910/081115.938:WARNING:dns_config_service_win.cc(668)] Failed to read DnsConfig.
[0910/081120.950:WARNING:dns_config_service_win.cc(668)] Failed to read DnsConfig.
[0910/081125.962:WARNING:dns_config_service_win.cc(668)] Failed to read DnsConfig.
[0910/081130.973:WARNING:dns_config_service_win.cc(668)] Failed to read DnsConfig.
[0910/081135.985:WARNING:dns_config_service_win.cc(668)] Failed to read DnsConfig.
[0910/081140.997:WARNING:dns_config_service_win.cc(668)] Failed to read DnsConfig.
[0910/081146.008:WARNING:dns_config_service_win.cc(668)] Failed to read DnsConfig.
[0910/081151.019:WARNING:dns_config_service_win.cc(668)] Failed to read DnsConfig.
[0910/081156.031:WARNING:dns_config_service_win.cc(668)] Failed to read DnsConfig.
[0910/081201.042:WARNING:dns_config_service_win.cc(668)] Failed to read DnsConfig.
[0910/081206.053:WARNING:dns_config_service_win.cc(668)] Failed to read DnsConfig.
[0910/081211.065:WARNING:dns_config_service_win.cc(668)] Failed to read DnsConfig.
[0910/081216.077:WARNING:dns_config_service_win.cc(668)] Failed to read DnsConfig.
[0910/081221.088:WARNING:dns_config_service_win.cc(668)] Failed to read DnsConfig.
[0910/081226.105:WARNING:dns_config_service_win.cc(668)] Failed to read DnsConfig.
[0910/081231.110:WARNING:dns_config_service_win.cc(668)] Failed to read DnsConfig.
[0910/081236.121:WARNING:dns_config_service_win.cc(668)] Failed to read DnsConfig.
[0910/081241.132:WARNING:dns_config_service_win.cc(668)] Failed to read DnsConfig.
[0910/081246.144:WARNING:dns_config_service_win.cc(668)] Failed to read DnsConfig.
[0910/081251.157:WARNING:dns_config_service_win.cc(668)] Failed to read DnsConfig.
[0910/081256.167:WARNING:dns_config_service_win.cc(668)] Failed to read DnsConfig.
[0910/081301.178:WARNING:dns_config_service_win.cc(668)] Failed to read DnsConfig.
[0910/081306.189:WARNING:dns_config_service_win.cc(668)] Failed to read DnsConfig.
[0910/081311.201:WARNING:dns_config_service_win.cc(668)] Failed to read DnsConfig.
[0910/081316.213:WARNING:dns_config_service_win.cc(668)] Failed to read DnsConfig.
[0910/081321.224:WARNING:dns_config_service_win.cc(668)] Failed to read DnsConfig.
[0910/081326.235:WARNING:dns_config_service_win.cc(668)] Failed to read DnsConfig.
[0910/081331.248:WARNING:dns_config_service_win.cc(668)] Failed to read DnsConfig.
[0910/081336.260:WARNING:dns_config_service_win.cc(668)] Failed to read DnsConfig.
[0910/081341.271:WARNING:dns_config_service_win.cc(668)] Failed to read DnsConfig.
[0910/081346.283:WARNING:dns_config_service_win.cc(668)] Failed to read DnsConfig.
[0910/081351.294:WARNING:dns_config_service_win.cc(668)] Failed to read DnsConfig.
[0910/081356.305:WARNING:dns_config_service_win.cc(668)] Failed to read DnsConfig.
[0910/081401.317:WARNING:dns_config_service_win.cc(668)] Failed to read DnsConfig.
[0910/081406.329:WARNING:dns_config_service_win.cc(668)] Failed to read DnsConfig.
[0910/081411.341:WARNING:dns_config_service_win.cc(668)] Failed to read DnsConfig.
[0910/081416.354:WARNING:dns_config_service_win.cc(668)] Failed to read DnsConfig.
[0910/081421.365:WARNING:dns_config_service_win.cc(668)] Failed to read DnsConfig.
[0910/081426.376:WARNING:dns_config_service_win.cc(668)] Failed to read DnsConfig.
[0910/081431.387:WARNING:dns_config_service_win.cc(668)] Failed to read DnsConfig.
[0910/081436.399:WARNING:dns_config_service_win.cc(668)] Failed to read DnsConfig.
[0910/081441.410:WARNING:dns_config_service_win.cc(668)] Failed to read DnsConfig.
[0910/081446.421:WARNING:dns_config_service_win.cc(668)] Failed to read DnsConfig.
[0910/081451.432:WARNING:dns_config_service_win.cc(668)] Failed to read DnsConfig.
[0910/081456.443:WARNING:dns_config_service_win.cc(668)] Failed to read DnsConfig.
[0910/081501.454:WARNING:dns_config_service_win.cc(668)] Failed to read DnsConfig.
[0910/081506.466:WARNING:dns_config_service_win.cc(668)] Failed to read DnsConfig.
[0910/081511.477:WARNING:dns_config_service_win.cc(668)] Failed to read DnsConfig.
[0910/081516.489:WARNING:dns_config_service_win.cc(668)] Failed to read DnsConfig.
[0910/081521.501:WARNING:dns_config_service_win.cc(668)] Failed to read DnsConfig.
[0910/081526.513:WARNING:dns_config_service_win.cc(668)] Failed to read DnsConfig.
[0910/081531.525:WARNING:dns_config_service_win.cc(668)] Failed to read DnsConfig.
[0910/081536.536:WARNING:dns_config_service_win.cc(668)] Failed to read DnsConfig.
[0910/081541.547:WARNING:dns_config_service_win.cc(668)] Failed to read DnsConfig.
[0910/081546.559:WARNING:dns_config_service_win.cc(668)] Failed to read DnsConfig.
[0910/081551.570:WARNING:dns_config_service_win.cc(668)] Failed to read DnsConfig.
[0910/081556.582:WARNING:dns_config_service_win.cc(668)] Failed to read DnsConfig.
[0910/081601.593:WARNING:dns_config_service_win.cc(668)] Failed to read DnsConfig.
[0910/081606.604:WARNING:dns_config_service_win.cc(668)] Failed to read DnsConfig.
[0910/081611.616:WARNING:dns_config_service_win.cc(668)] Failed to read DnsConfig.
[0910/081616.628:WARNING:dns_config_service_win.cc(668)] Failed to read DnsConfig.
[0910/081621.640:WARNING:dns_config_service_win.cc(668)] Failed to read DnsConfig.
[0910/081626.656:WARNING:dns_config_service_win.cc(668)] Failed to read DnsConfig.
[0910/081631.662:WARNING:dns_config_service_win.cc(668)] Failed to read DnsConfig.
[0910/081636.674:WARNING:dns_config_service_win.cc(668)] Failed to read DnsConfig.
[0910/081641.686:WARNING:dns_config_service_win.cc(668)] Failed to read DnsConfig.
[0910/081646.699:WARNING:dns_config_service_win.cc(668)] Failed to read DnsConfig.
[0910/081651.710:WARNING:dns_config_service_win.cc(668)] Failed to read DnsConfig.
[0910/081656.722:WARNING:dns_config_service_win.cc(668)] Failed to read DnsConfig.
[0910/081701.734:WARNING:dns_config_service_win.cc(668)] Failed to read DnsConfig.
[0910/081706.746:WARNING:dns_config_service_win.cc(668)] Failed to read DnsConfig.
[0910/081711.758:WARNING:dns_config_service_win.cc(668)] Failed to read DnsConfig.
[0910/081716.769:WARNING:dns_config_service_win.cc(668)] Failed to read DnsConfig.
[0910/081721.781:WARNING:dns_config_service_win.cc(668)] Failed to read DnsConfig.
[0910/081726.793:WARNING:dns_config_service_win.cc(668)] Failed to read DnsConfig.
[0910/081731.806:WARNING:dns_config_service_win.cc(668)] Failed to read DnsConfig.
[0910/081736.817:WARNING:dns_config_service_win.cc(668)] Failed to read DnsConfig.
[0910/081741.829:WARNING:dns_config_service_win.cc(668)] Failed to read DnsConfig.
[0910/081746.841:WARNING:dns_config_service_win.cc(668)] Failed to read DnsConfig.
[0910/081751.852:WARNING:dns_config_service_win.cc(668)] Failed to read DnsConfig.
[0910/081756.864:WARNING:dns_config_service_win.cc(668)] Failed to read DnsConfig.
[0910/081801.877:WARNING:dns_config_service_win.cc(668)] Failed to read DnsConfig.
[0910/081806.892:WARNING:dns_config_service_win.cc(668)] Failed to read DnsConfig.
[0910/081811.899:WARNING:dns_config_service_win.cc(668)] Failed to read DnsConfig.
[0910/081816.911:WARNING:dns_config_service_win.cc(668)] Failed to read DnsConfig.
[0910/081821.922:WARNING:dns_config_service_win.cc(668)] Failed to read DnsConfig.
[0910/081826.934:WARNING:dns_config_service_win.cc(668)] Failed to read DnsConfig.
[0910/081831.946:WARNING:dns_config_service_win.cc(668)] Failed to read DnsConfig.
[0910/081836.958:WARNING:dns_config_service_win.cc(668)] Failed to read DnsConfig.
[0910/081841.970:WARNING:dns_config_service_win.cc(668)] Failed to read DnsConfig.
[0910/081846.982:WARNING:dns_config_service_win.cc(668)] Failed to read DnsConfig.
[0910/081851.993:WARNING:dns_config_service_win.cc(668)] Failed to read DnsConfig.
[0910/081857.005:WARNING:dns_config_service_win.cc(668)] Failed to read DnsConfig.
[0910/081902.016:WARNING:dns_config_service_win.cc(668)] Failed to read DnsConfig.
[0910/081907.028:WARNING:dns_config_service_win.cc(668)] Failed to read DnsConfig.
[0910/081912.040:WARNING:dns_config_service_win.cc(668)] Failed to read DnsConfig.
[0910/081917.052:WARNING:dns_config_service_win.cc(668)] Failed to read DnsConfig.
[0910/081922.063:WARNING:dns_config_service_win.cc(668)] Failed to read DnsConfig.
[0910/081927.075:WARNING:dns_config_service_win.cc(668)] Failed to read DnsConfig.
[0910/081932.087:WARNING:dns_config_service_win.cc(668)] Failed to read DnsConfig.
[0910/081937.099:WARNING:dns_config_service_win.cc(668)] Failed to read DnsConfig.
[0910/081942.111:WARNING:dns_config_service_win.cc(668)] Failed to read DnsConfig.
[0910/081947.126:WARNING:dns_config_service_win.cc(668)] Failed to read DnsConfig.
[0910/081952.135:WARNING:dns_config_service_win.cc(668)] Failed to read DnsConfig.
[0910/081957.146:WARNING:dns_config_service_win.cc(668)] Failed to read DnsConfig.
[0910/082002.158:WARNING:dns_config_service_win.cc(668)] Failed to read DnsConfig.
[0910/082007.169:WARNING:dns_config_service_win.cc(668)] Failed to read DnsConfig.
[0910/082012.181:WARNING:dns_config_service_win.cc(668)] Failed to read DnsConfig.
[0910/082017.194:WARNING:dns_config_service_win.cc(668)] Failed to read DnsConfig.
[0910/082022.205:WARNING:dns_config_service_win.cc(668)] Failed to read DnsConfig.
[0910/082027.217:WARNING:dns_config_service_win.cc(668)] Failed to read DnsConfig.
[0910/082032.228:WARNING:dns_config_service_win.cc(668)] Failed to read DnsConfig.
[0910/082037.239:WARNING:dns_config_service_win.cc(668)] Failed to read DnsConfig.
[0910/082042.251:WARNING:dns_config_service_win.cc(668)] Failed to read DnsConfig.
[0910/082047.263:WARNING:dns_config_service_win.cc(668)] Failed to read DnsConfig.
[0910/082052.276:WARNING:dns_config_service_win.cc(668)] Failed to read DnsConfig.
[0910/082057.286:WARNING:dns_config_service_win.cc(668)] Failed to read DnsConfig.
[0910/082102.296:WARNING:dns_config_service_win.cc(668)] Failed to read DnsConfig.
[0910/082107.308:WARNING:dns_config_service_win.cc(668)] Failed to read DnsConfig.
[0910/082112.320:WARNING:dns_config_service_win.cc(668)] Failed to read DnsConfig.
[0910/082117.331:WARNING:dns_config_service_win.cc(668)] Failed to read DnsConfig.
[0910/082122.344:WARNING:dns_config_service_win.cc(668)] Failed to read DnsConfig.
[0910/082127.356:WARNING:dns_config_service_win.cc(668)] Failed to read DnsConfig.
[0910/082132.367:WARNING:dns_config_service_win.cc(668)] Failed to read DnsConfig.
[0910/082137.379:WARNING:dns_config_service_win.cc(668)] Failed to read DnsConfig.
[0910/082142.391:WARNING:dns_config_service_win.cc(668)] Failed to read DnsConfig.
[0910/082147.402:WARNING:dns_config_service_win.cc(668)] Failed to read DnsConfig.
[0910/082152.414:WARNING:dns_config_service_win.cc(668)] Failed to read DnsConfig.
[0910/082157.426:WARNING:dns_config_service_win.cc(668)] Failed to read DnsConfig.
[0910/082202.438:WARNING:dns_config_service_win.cc(668)] Failed to read DnsConfig.
[0910/082207.450:WARNING:dns_config_service_win.cc(668)] Failed to read DnsConfig.
[0910/082212.462:WARNING:dns_config_service_win.cc(668)] Failed to read DnsConfig.
[0910/082217.474:WARNING:dns_config_service_win.cc(668)] Failed to read DnsConfig.
[0910/082222.485:WARNING:dns_config_service_win.cc(668)] Failed to read DnsConfig.
[0910/082227.495:WARNING:dns_config_service_win.cc(668)] Failed to read DnsConfig.
[0910/082232.507:WARNING:dns_config_service_win.cc(668)] Failed to read DnsConfig.
[0910/082237.518:WARNING:dns_config_service_win.cc(668)] Failed to read DnsConfig.
[0910/082242.531:WARNING:dns_config_service_win.cc(668)] Failed to read DnsConfig.
[0910/082247.543:WARNING:dns_config_service_win.cc(668)] Failed to read DnsConfig.
[0910/082252.554:WARNING:dns_config_service_win.cc(668)] Failed to read DnsConfig.
[0910/082257.566:WARNING:dns_config_service_win.cc(668)] Failed to read DnsConfig.
[0910/082302.578:WARNING:dns_config_service_win.cc(668)] Failed to read DnsConfig.
[0910/082307.590:WARNING:dns_config_service_win.cc(668)] Failed to read DnsConfig.
[0910/082312.603:WARNING:dns_config_service_win.cc(668)] Failed to read DnsConfig.
[0910/082317.614:WARNING:dns_config_service_win.cc(668)] Failed to read DnsConfig.
[0910/082322.626:WARNING:dns_config_service_win.cc(668)] Failed to read DnsConfig.
[0910/082327.638:WARNING:dns_config_service_win.cc(668)] Failed to read DnsConfig.
[0910/082332.650:WARNING:dns_config_service_win.cc(668)] Failed to read DnsConfig.
[0910/082337.662:WARNING:dns_config_service_win.cc(668)] Failed to read DnsConfig.
[0910/082342.676:WARNING:dns_config_service_win.cc(668)] Failed to read DnsConfig.
[0910/084405.124:WARNING:dns_config_service_win.cc(668)] Failed to read DnsConfig.
[0910/084410.142:WARNING:dns_config_service_win.cc(668)] Failed to read DnsConfig.
[0910/084415.155:WARNING:dns_config_service_win.cc(668)] Failed to read DnsConfig.
[0910/084420.171:WARNING:dns_config_service_win.cc(668)] Failed to read DnsConfig.
